<?xml version="1.0" encoding="UTF-8"?>
<testng-results skipped="0" failed="0" ignored="0" total="2" passed="2">
  <reporter-output>
  </reporter-output>
  <suite name="Suite" duration-ms="7853" started-at="2021-10-28T07:00:48 UTC" finished-at="2021-10-28T07:00:56 UTC">
    <groups>
    </groups>
    <test name="Test" duration-ms="7853" started-at="2021-10-28T07:00:48 UTC" finished-at="2021-10-28T07:00:56 UTC">
      <class name="test.LoginTest">
        <test-method status="PASS" signature="ReportSetup()[pri:0, instance:test.LoginTest@51e2adc7]" name="ReportSetup" is-config="true" duration-ms="130" started-at="2021-10-28T07:00:48 UTC" finished-at="2021-10-28T07:00:48 UTC">
          <reporter-output>
          </reporter-output>
        </test-method> <!-- ReportSetup -->
        <test-method status="PASS" signature="setup()[pri:0, instance:test.LoginTest@51e2adc7]" name="setup" is-config="true" duration-ms="1966" started-at="2021-10-28T07:00:48 UTC" finished-at="2021-10-28T07:00:50 UTC">
          <reporter-output>
          </reporter-output>
        </test-method> <!-- setup -->
        <test-method status="PASS" signature="NegativeLogin(java.lang.String,java.lang.String)[pri:0, instance:test.LoginTest@51e2adc7]" name="NegativeLogin" duration-ms="2313" started-at="2021-10-28T07:00:50 UTC" finished-at="2021-10-28T07:00:52 UTC">
          <params>
            <param index="0">
              <value>
                <![CDATA[Asc@asddf.com]]>
              </value>
            </param>
            <param index="1">
              <value>
                <![CDATA[Abc@1234]]>
              </value>
            </param>
          </params>
          <reporter-output>
          </reporter-output>
        </test-method> <!-- NegativeLogin -->
        <test-method status="PASS" signature="teardown()[pri:0, instance:test.LoginTest@51e2adc7]" name="teardown" is-config="true" duration-ms="90" started-at="2021-10-28T07:00:52 UTC" finished-at="2021-10-28T07:00:52 UTC">
          <reporter-output>
          </reporter-output>
        </test-method> <!-- teardown -->
        <test-method status="PASS" signature="setup()[pri:0, instance:test.LoginTest@51e2adc7]" name="setup" is-config="true" duration-ms="1293" started-at="2021-10-28T07:00:52 UTC" finished-at="2021-10-28T07:00:54 UTC">
          <reporter-output>
          </reporter-output>
        </test-method> <!-- setup -->
        <test-method status="PASS" signature="PositiveLogin(java.lang.String,java.lang.String)[pri:0, instance:test.LoginTest@51e2adc7]" name="PositiveLogin" duration-ms="1676" started-at="2021-10-28T07:00:54 UTC" finished-at="2021-10-28T07:00:55 UTC">
          <params>
            <param index="0">
              <value>
                <![CDATA[Asc@asddf.com]]>
              </value>
            </param>
            <param index="1">
              <value>
                <![CDATA[Abc@1223]]>
              </value>
            </param>
          </params>
          <reporter-output>
          </reporter-output>
        </test-method> <!-- PositiveLogin -->
        <test-method status="PASS" signature="teardown()[pri:0, instance:test.LoginTest@51e2adc7]" name="teardown" is-config="true" duration-ms="72" started-at="2021-10-28T07:00:55 UTC" finished-at="2021-10-28T07:00:55 UTC">
          <reporter-output>
          </reporter-output>
        </test-method> <!-- teardown -->
        <test-method status="PASS" signature="ReportTearDown()[pri:0, instance:test.LoginTest@51e2adc7]" name="ReportTearDown" is-config="true" duration-ms="266" started-at="2021-10-28T07:00:55 UTC" finished-at="2021-10-28T07:00:56 UTC">
          <reporter-output>
          </reporter-output>
        </test-method> <!-- ReportTearDown -->
      </class> <!-- test.LoginTest -->
    </test> <!-- Test -->
  </suite> <!-- Suite -->
</testng-results>
